2025-01-17T04:03:13.716Z [INFO]: Starting Twitch chat bot...
2025-01-17T04:03:22.275Z [ERROR]: Error handling message: client is not defined
2025-01-17T04:03:29.688Z [INFO]: Shutting down Twitch chat bot...
2025-01-17T04:05:21.319Z [INFO]: Starting Twitch chat bot...
2025-01-17T04:05:28.480Z [INFO]: Responded to pyro1121: Hey hey hey! What's up?
2025-01-17T04:05:38.591Z [INFO]: Responded to pyro1121: Command not recognized. Just sit back, relax, and enjoy the show!
2025-01-17T04:05:46.831Z [INFO]: Responded to pyro1121: Error 404: Command not found. Try again!
2025-01-17T04:06:52.691Z [INFO]: Starting Twitch chat bot...
2025-01-17T04:06:57.458Z [INFO]: Responded to pyro1121: Hey there! What's up?
2025-01-17T04:07:02.710Z [INFO]: Responded to pyro1121: Here are some commands: !hello, !joke, !quote, !dance. Have fun!
2025-01-17T04:07:08.090Z [INFO]: Responded to pyro1121: Why don't scientists trust atoms? Because they make up everything!
2025-01-17T04:08:24.617Z [INFO]: Responded to pyro1121: Command not recognized. Just ask me anything!
2025-01-17T04:08:32.363Z [INFO]: Shutting down Twitch chat bot...
2025-01-17T04:12:12.519Z [INFO]: Starting Twitch chat bot...
2025-01-17T04:12:12.612Z [INFO]: Spotify user access token refreshed
2025-01-17T04:12:59.805Z [INFO]: Responded to pyro1121: Command not recognized. Try again, human.
2025-01-17T04:13:15.323Z [INFO]: Shutting down Twitch chat bot...
2025-01-17T04:14:32.593Z [INFO]: Starting Twitch chat bot...
2025-01-17T04:14:32.703Z [INFO]: Spotify user access token refreshed
2025-01-17T04:15:37.839Z [ERROR]: Error adding to queue: An error occurred while communicating with Spotify's Web API.
Details: Permissions missing.
2025-01-17T04:17:49.677Z [INFO]: Shutting down Twitch chat bot...
2025-01-17T04:47:12.735Z [INFO]: Starting Twitch chat bot...
2025-01-17T04:47:13.265Z [INFO]: Successfully connected to Twitch
2025-01-17T04:55:48.687Z [INFO]: Shutting down Twitch chat bot...
